<?xml version="1.0" encoding="UTF-8"?>
<testng-results skipped="0" failed="0" ignored="0" total="1" passed="1">
  <reporter-output>
  </reporter-output>
  <suite name="Default suite" duration-ms="3239" started-at="2020-05-01T18:26:36Z" finished-at="2020-05-01T18:26:39Z">
    <groups>
    </groups>
    <test name="Default test" duration-ms="3239" started-at="2020-05-01T18:26:36Z" finished-at="2020-05-01T18:26:39Z">
      <class name="FileReadingDemo">
        <test-method status="PASS" signature="testData()[pri:0, instance:FileReadingDemo@3b2da18f]" name="testData" duration-ms="3202" started-at="2020-05-01T18:26:36Z" finished-at="2020-05-01T18:26:39Z">
          <reporter-output>
          </reporter-output>
        </test-method> <!-- testData -->
      </class> <!-- FileReadingDemo -->
    </test> <!-- Default test -->
  </suite> <!-- Default suite -->
</testng-results>
